{"name": "User can search for a product -- @1.4 ", "status": "broken", "statusDetails": {"message": "selenium.common.exceptions.NoSuchElementException: Message: Unable to locate element: [id=\"twotabsearchtextbox\"]; For documentation on this error, please visit: https://www.selenium.dev/documentation/webdriver/troubleshooting/errors#no-such-element-exception\nStacktrace:\nWebDriverError@chrome://remote/content/shared/webdriver/Errors.jsm:181:5\nNoSuchElementError@chrome://remote/content/shared/webdriver/Errors.jsm:393:5\nelement.find/</<@chrome://remote/content/marionette/element.js:305:16\n\n", "trace": "  File \"C:\\Users\\12405\\python-selenium-automation\\venv\\Lib\\site-packages\\behave\\model.py\", line 1329, in run\n    match.run(runner.context)\n  File \"C:\\Users\\12405\\python-selenium-automation\\venv\\Lib\\site-packages\\behave\\matchers.py\", line 98, in run\n    self.func(context, *args, **kwargs)\n  File \"features\\steps\\amazon_main_page_steps.py\", line 21, in search_product\n    context.app.main_page.search_product(product)\n  File \"C:\\Users\\12405\\python-selenium-automation\\pages\\main_page.py\", line 13, in search_product\n    self.input_text(product, *self.SEARCH_INPUT)\n  File \"C:\\Users\\12405\\python-selenium-automation\\pages\\base_page.py\", line 27, in input_text\n    e = self.driver.find_element(*locator)\n        ^^^^^^^^^^^^^^^^^^^^^^^^^^^^^^^^^^\n  File \"C:\\Users\\12405\\python-selenium-automation\\venv\\Lib\\site-packages\\selenium\\webdriver\\remote\\webdriver.py\", line 741, in find_element\n    return self.execute(Command.FIND_ELEMENT, {\"using\": by, \"value\": value})[\"value\"]\n           ^^^^^^^^^^^^^^^^^^^^^^^^^^^^^^^^^^^^^^^^^^^^^^^^^^^^^^^^^^^^^^^^^\n  File \"C:\\Users\\12405\\python-selenium-automation\\venv\\Lib\\site-packages\\selenium\\webdriver\\remote\\webdriver.py\", line 347, in execute\n    self.error_handler.check_response(response)\n  File \"C:\\Users\\12405\\python-selenium-automation\\venv\\Lib\\site-packages\\selenium\\webdriver\\remote\\errorhandler.py\", line 229, in check_response\n    raise exception_class(message, screen, stacktrace)\n"}, "steps": [{"name": "Given Open amazon page", "status": "passed", "start": 1716077521812, "stop": 1716077525409}, {"name": "When Search for Tritan Farm to Table Pitcher on amazon", "status": "broken", "statusDetails": {"message": "selenium.common.exceptions.NoSuchElementException: Message: Unable to locate element: [id=\"twotabsearchtextbox\"]; For documentation on this error, please visit: https://www.selenium.dev/documentation/webdriver/troubleshooting/errors#no-such-element-exception\nStacktrace:\nWebDriverError@chrome://remote/content/shared/webdriver/Errors.jsm:181:5\nNoSuchElementError@chrome://remote/content/shared/webdriver/Errors.jsm:393:5\nelement.find/</<@chrome://remote/content/marionette/element.js:305:16\n\n", "trace": "  File \"C:\\Users\\12405\\python-selenium-automation\\venv\\Lib\\site-packages\\behave\\model.py\", line 1329, in run\n    match.run(runner.context)\n  File \"C:\\Users\\12405\\python-selenium-automation\\venv\\Lib\\site-packages\\behave\\matchers.py\", line 98, in run\n    self.func(context, *args, **kwargs)\n  File \"features\\steps\\amazon_main_page_steps.py\", line 21, in search_product\n    context.app.main_page.search_product(product)\n  File \"C:\\Users\\12405\\python-selenium-automation\\pages\\main_page.py\", line 13, in search_product\n    self.input_text(product, *self.SEARCH_INPUT)\n  File \"C:\\Users\\12405\\python-selenium-automation\\pages\\base_page.py\", line 27, in input_text\n    e = self.driver.find_element(*locator)\n        ^^^^^^^^^^^^^^^^^^^^^^^^^^^^^^^^^^\n  File \"C:\\Users\\12405\\python-selenium-automation\\venv\\Lib\\site-packages\\selenium\\webdriver\\remote\\webdriver.py\", line 741, in find_element\n    return self.execute(Command.FIND_ELEMENT, {\"using\": by, \"value\": value})[\"value\"]\n           ^^^^^^^^^^^^^^^^^^^^^^^^^^^^^^^^^^^^^^^^^^^^^^^^^^^^^^^^^^^^^^^^^\n  File \"C:\\Users\\12405\\python-selenium-automation\\venv\\Lib\\site-packages\\selenium\\webdriver\\remote\\webdriver.py\", line 347, in execute\n    self.error_handler.check_response(response)\n  File \"C:\\Users\\12405\\python-selenium-automation\\venv\\Lib\\site-packages\\selenium\\webdriver\\remote\\errorhandler.py\", line 229, in check_response\n    raise exception_class(message, screen, stacktrace)\n"}, "start": 1716077525409, "stop": 1716077530579}, {"name": "Then Search results for \"Tritan Farm to Table Pitcher on amazon\" are shown", "status": "skipped", "start": 1716077531184, "stop": 1716077531184}], "parameters": [{"name": "product", "value": "Tritan Farm to Table Pitcher on amazon"}, {"name": "search_result", "value": "\"Tritan Farm to Table Pitcher on amazon\""}], "start": 1716077495591, "stop": 1716077531185, "uuid": "eb96d86a-7657-48d6-a3e5-7a1487961715", "historyId": "2eaa36f77e41fdc2d63c4909c7425247", "fullName": "Tests for amazon search: User can search for a product", "labels": [{"name": "severity", "value": "normal"}, {"name": "feature", "value": "Tests for amazon search"}, {"name": "framework", "value": "behave"}, {"name": "language", "value": "cpython3"}]}