{"name": "User can add a product to the cart", "status": "broken", "statusDetails": {"message": "selenium.common.exceptions.NoSuchElementException: Message: Unable to locate element: [id=\"twotabsearchtextbox\"]; For documentation on this error, please visit: https://www.selenium.dev/documentation/webdriver/troubleshooting/errors#no-such-element-exception\nStacktrace:\nWebDriverError@chrome://remote/content/shared/webdriver/Errors.jsm:181:5\nNoSuchElementError@chrome://remote/content/shared/webdriver/Errors.jsm:393:5\nelement.find/</<@chrome://remote/content/marionette/element.js:305:16\n\n", "trace": "  File \"C:\\Users\\12405\\python-selenium-automation\\venv\\Lib\\site-packages\\behave\\model.py\", line 1329, in run\n    match.run(runner.context)\n  File \"C:\\Users\\12405\\python-selenium-automation\\venv\\Lib\\site-packages\\behave\\matchers.py\", line 98, in run\n    self.func(context, *args, **kwargs)\n  File \"features\\steps\\amazon_main_page_steps.py\", line 21, in search_product\n    context.app.main_page.search_product(product)\n  File \"C:\\Users\\12405\\python-selenium-automation\\pages\\main_page.py\", line 13, in search_product\n    self.input_text(product, *self.SEARCH_INPUT)\n  File \"C:\\Users\\12405\\python-selenium-automation\\pages\\base_page.py\", line 27, in input_text\n    e = self.driver.find_element(*locator)\n        ^^^^^^^^^^^^^^^^^^^^^^^^^^^^^^^^^^\n  File \"C:\\Users\\12405\\python-selenium-automation\\venv\\Lib\\site-packages\\selenium\\webdriver\\remote\\webdriver.py\", line 741, in find_element\n    return self.execute(Command.FIND_ELEMENT, {\"using\": by, \"value\": value})[\"value\"]\n           ^^^^^^^^^^^^^^^^^^^^^^^^^^^^^^^^^^^^^^^^^^^^^^^^^^^^^^^^^^^^^^^^^\n  File \"C:\\Users\\12405\\python-selenium-automation\\venv\\Lib\\site-packages\\selenium\\webdriver\\remote\\webdriver.py\", line 347, in execute\n    self.error_handler.check_response(response)\n  File \"C:\\Users\\12405\\python-selenium-automation\\venv\\Lib\\site-packages\\selenium\\webdriver\\remote\\errorhandler.py\", line 229, in check_response\n    raise exception_class(message, screen, stacktrace)\n"}, "steps": [{"name": "Given Open Amazon page", "status": "passed", "start": 1716077541015, "stop": 1716077544210}, {"name": "When Search for Tritan Farm to Table Pitcher on amazon", "status": "broken", "statusDetails": {"message": "selenium.common.exceptions.NoSuchElementException: Message: Unable to locate element: [id=\"twotabsearchtextbox\"]; For documentation on this error, please visit: https://www.selenium.dev/documentation/webdriver/troubleshooting/errors#no-such-element-exception\nStacktrace:\nWebDriverError@chrome://remote/content/shared/webdriver/Errors.jsm:181:5\nNoSuchElementError@chrome://remote/content/shared/webdriver/Errors.jsm:393:5\nelement.find/</<@chrome://remote/content/marionette/element.js:305:16\n\n", "trace": "  File \"C:\\Users\\12405\\python-selenium-automation\\venv\\Lib\\site-packages\\behave\\model.py\", line 1329, in run\n    match.run(runner.context)\n  File \"C:\\Users\\12405\\python-selenium-automation\\venv\\Lib\\site-packages\\behave\\matchers.py\", line 98, in run\n    self.func(context, *args, **kwargs)\n  File \"features\\steps\\amazon_main_page_steps.py\", line 21, in search_product\n    context.app.main_page.search_product(product)\n  File \"C:\\Users\\12405\\python-selenium-automation\\pages\\main_page.py\", line 13, in search_product\n    self.input_text(product, *self.SEARCH_INPUT)\n  File \"C:\\Users\\12405\\python-selenium-automation\\pages\\base_page.py\", line 27, in input_text\n    e = self.driver.find_element(*locator)\n        ^^^^^^^^^^^^^^^^^^^^^^^^^^^^^^^^^^\n  File \"C:\\Users\\12405\\python-selenium-automation\\venv\\Lib\\site-packages\\selenium\\webdriver\\remote\\webdriver.py\", line 741, in find_element\n    return self.execute(Command.FIND_ELEMENT, {\"using\": by, \"value\": value})[\"value\"]\n           ^^^^^^^^^^^^^^^^^^^^^^^^^^^^^^^^^^^^^^^^^^^^^^^^^^^^^^^^^^^^^^^^^\n  File \"C:\\Users\\12405\\python-selenium-automation\\venv\\Lib\\site-packages\\selenium\\webdriver\\remote\\webdriver.py\", line 347, in execute\n    self.error_handler.check_response(response)\n  File \"C:\\Users\\12405\\python-selenium-automation\\venv\\Lib\\site-packages\\selenium\\webdriver\\remote\\errorhandler.py\", line 229, in check_response\n    raise exception_class(message, screen, stacktrace)\n"}, "start": 1716077544210, "stop": 1716077549281}, {"name": "And Click on the first product", "status": "broken", "statusDetails": {"message": "\nYou can implement step definitions for undefined steps with these snippets:\n\n@when(u'Click on the first product')\ndef step_impl(context):\n    raise NotImplementedError(u'STEP: When Click on the first product')\n\n"}, "start": 1716077549859, "stop": 1716077549859}, {"name": "And Store product name", "status": "skipped", "start": 1716077549859, "stop": 1716077549859}, {"name": "And Click on Add to cart button", "status": "skipped", "start": 1716077549859, "stop": 1716077549859}, {"name": "And Open cart page", "status": "broken", "statusDetails": {"message": "\nYou can implement step definitions for undefined steps with these snippets:\n\n@when(u'Open cart page')\ndef step_impl(context):\n    raise NotImplementedError(u'STEP: When Open cart page')\n\n"}, "start": 1716077549859, "stop": 1716077549859}, {"name": "Then Verify cart has 1 item(s)", "status": "broken", "statusDetails": {"message": "\nYou can implement step definitions for undefined steps with these snippets:\n\n@then(u'Verify cart has 1 item(s)')\ndef step_impl(context):\n    raise NotImplementedError(u'STEP: Then Verify cart has 1 item(s)')\n\n"}, "start": 1716077549859, "stop": 1716077549859}, {"name": "And Verify cart has correct product", "status": "broken", "statusDetails": {"message": "\nYou can implement step definitions for undefined steps with these snippets:\n\n@then(u'Verify cart has correct product')\ndef step_impl(context):\n    raise NotImplementedError(u'STEP: Then Verify cart has correct product')\n\n"}, "start": 1716077549859, "stop": 1716077549859}], "start": 1716077531186, "stop": 1716077549859, "uuid": "22dd4a62-5f4c-4dd2-b200-cdf1e40f3d27", "historyId": "5eaec2a583fe369ef50b7439a89370e5", "fullName": "Tests for amazon search: User can add a product to the cart", "labels": [{"name": "severity", "value": "normal"}, {"name": "feature", "value": "Tests for amazon search"}, {"name": "framework", "value": "behave"}, {"name": "language", "value": "cpython3"}]}